<?xml version="1.0" encoding="UTF-8"?>
<!-- Generated by org.testng.reporters.JUnitXMLReporter -->
<testsuite ignored="0" hostname="Braver" failures="0" tests="1" name="FlightSearch" time="0.09" errors="0" timestamp="2023-07-04T10:26:18 IST">
  <testcase classname="com.MavenTNG.FlightRunner$TestRunner" name="@BeforeMethod login" time="0.02">
    <failure type="java.lang.NullPointerException" message="Cannot invoke &amp;quot;org.openqa.selenium.SearchContext.findElement(org.openqa.selenium.By)&amp;quot; because &amp;quot;this.searchContext&amp;quot; is null">
      <![CDATA[java.lang.NullPointerException: Cannot invoke "org.openqa.selenium.SearchContext.findElement(org.openqa.selenium.By)" because "this.searchContext" is null
at org.openqa.selenium.support.pagefactory.DefaultElementLocator.findElement(DefaultElementLocator.java:69)
at org.openqa.selenium.support.pagefactory.internal.LocatingElementHandler.invoke(LocatingElementHandler.java:38)
at jdk.proxy2/jdk.proxy2.$Proxy12.sendKeys(Unknown Source)
at com.MavenTNG.BaseClass.inputValue(BaseClass.java:87)
at com.MavenTNG.FlightRunner$TestRunner.login(FlightRunner.java:31)
at java.base/java.util.ArrayList.forEach(ArrayList.java:1511)
... Removed 31 stack frames]]>
    </failure>
  </testcase> <!-- @BeforeMethod login -->
  <testcase classname="com.MavenTNG.FlightRunner$TestRunner" name="FlightSearch" time="0.0">
    <skipped/>
  </testcase> <!-- FlightSearch -->
</testsuite> <!-- FlightSearch -->
